-----BEGIN PGP MESSAGE-----
Version: BCPG v1.57

owJ4nJvAy8zAxWgR/Xnl50wHVsbTm5PEczKTU/OKU90yc1L9EnNTdT3T8/KLUlNi
Lt27rKyrqwCVVkgDynMph6emKPgmVioYWCgYmlqZGloZmig4uwaHKBgZGFpypVYU
ZBZVuiSWpNqC+LqGRrrGhlyZxcWlqUW2IakVXBDD8otsnfPznPNTUoNTIbIILQbG
uoYWUHWpqbaVmVmleXqVpQ75Bal5eonJeqXZXJ1M0SwMjFwMrqxMIEfaycANc0nN
zfdOrVTQCE5NLErOUEjMS1EoSszLBju+WFPBJjMvLd8hOT8vGai8OFUvOT/XjoGL
UwAWHpt8BRiWV//1v5yV/W2b+PqzJ30Tr4t1vK68nytzba1GqVZoz80J6/U0wx3+
zvxmY23hf8lf47njgm3Jd5+8033wWW9f/NW9q6QyTWullzSJ29XrvGwS9JxtvUD3
YkbRqt+s2XPu8d34Xvb87bbHdy7XRPrwO1S82cU+r+pw4LuWn6fjF7kdbJTd+m6N
tIcm799dC575XVRt+/tSzy19Tb9mdq1EieaJ8qTlNdKFCj2PXZLfTlxpyDD93sFr
IXH9p/+sXyS4SODZRYHAwpwisfVfkkJemWqVmzzdvN2b+de5xHmLTfNXn6s4e8Li
gtodkXS7OQds5t142/7x/uT94kWfTL0zaj+w7zIv+LxMvfCxismu9WpPa5/M61mx
tXdyYFCqzdKMaIMVHxSNauv3RC2bkvrvqnqC1cVu51o9l2MvbNr/LGXrWSNTaLVy
e0lo5/JPs1v3CkYa/jjoWCoct0PlRnfr27mXlH91V/sEvThvXRlr92ZX2P13B73/
vbPhtHiR/NZSKuKKe+U836I5V596P7gapnvR9ZxaxU3Xa8+3ic3c87t1mcWTiDjt
VZx5NtusxRUdX4nvtvWc3xtU4vA/N+3lnhCh+Wt2L16g+vjVRAftOeca+M7d/qad
ebrp1tsDETs6ph3o17x3ST7o7I8H29dJBP6Tl+4ujvM12/mVR7BddNvd7APXPyyR
cJuuqzfhzszTrs+U4vz7Pz061+7cBwB1GWwG
=sHlJ
-----END PGP MESSAGE-----
